-------------------------------------------------------------------------------
Test set: br.com.aluguel.de.carros.unidade.endereco.TestaEnderecoController
-------------------------------------------------------------------------------
Tests run: 1, Failures: 0, Errors: 1, Skipped: 0, Time elapsed: 0.001 s <<< FAILURE! - in br.com.aluguel.de.carros.unidade.endereco.TestaEnderecoController
testaUrlEndereco(br.com.aluguel.de.carros.unidade.endereco.TestaEnderecoController)  Time elapsed: 0 s  <<< ERROR!
java.lang.NullPointerException
	at br.com.aluguel.de.carros.unidade.endereco.TestaEnderecoController.testaUrlEndereco(TestaEnderecoController.java:29)

