-------------------------------------------------------------------------------
Test set: br.com.aluguel.de.carros.unidade.usuario.TestaUsuarioController
-------------------------------------------------------------------------------
Tests run: 1, Failures: 0, Errors: 1, Skipped: 0, Time elapsed: 0 s <<< FAILURE! - in br.com.aluguel.de.carros.unidade.usuario.TestaUsuarioController
testaUrlUsuario(br.com.aluguel.de.carros.unidade.usuario.TestaUsuarioController)  Time elapsed: 0 s  <<< ERROR!
java.lang.NullPointerException
	at br.com.aluguel.de.carros.unidade.usuario.TestaUsuarioController.testaUrlUsuario(TestaUsuarioController.java:30)

