<?xml version="1.0" encoding="UTF-8"?>
<testsuite xmlns:xsi="http://www.w3.org/2001/XMLSchema-instance" xsi:noNamespaceSchemaLocation="https://maven.apache.org/surefire/maven-surefire-plugin/xsd/surefire-test-report.xsd" name="br.com.aluguel.de.carros.unidade.aluguel.TestaAluguelController" time="2.107" tests="1" errors="1" skipped="0" failures="0">
  <properties>
[...]
</properties>
  <testcase name="testaUrlAluguel" classname="br.com.aluguel.de.carros.unidade.aluguel.TestaAluguelController" time="0.077">
    <error message="&#10;when() requires an argument which has to be &apos;a method call on a mock&apos;.&#10;For example:&#10;    when(mock.getArticles()).thenReturn(articles);&#10;&#10;Also, this error might show up because:&#10;1. you stub either of: final/private/equals()/hashCode() methods.&#10;   Those methods *cannot* be stubbed/verified.&#10;   Mocking methods declared on non-public parent classes is not supported.&#10;2. inside when() you don&apos;t call method on mock but on some other object.&#10;" type="org.mockito.exceptions.misusing.MissingMethodInvocationException">org.mockito.exceptions.misusing.MissingMethodInvocationException: 

when() requires an argument which has to be 'a method call on a mock'.
For example:
    when(mock.getArticles()).thenReturn(articles);

Also, this error might show up because:
1. you stub either of: final/private/equals()/hashCode() methods.
   Those methods *cannot* be stubbed/verified.
   Mocking methods declared on non-public parent classes is not supported.
2. inside when() you don't call method on mock but on some other object.

	at br.com.aluguel.de.carros.unidade.aluguel.TestaAluguelController.testaUrlAluguel(TestaAluguelController.java:38)
</error>
    <system-out><![CDATA[2019-08-16 14:27:52.766  INFO 15164 --- [           main] .b.t.c.SpringBootTestContextBootstrapper : Neither @ContextConfiguration nor @ContextHierarchy found for test class [br.com.aluguel.de.carros.unidade.aluguel.TestaAluguelController], using SpringBootContextLoader
2019-08-16 14:27:52.767  INFO 15164 --- [           main] o.s.t.c.support.AbstractContextLoader    : Could not detect default resource locations for test class [br.com.aluguel.de.carros.unidade.aluguel.TestaAluguelController]: no resource found for suffixes {-context.xml, Context.groovy}.
2019-08-16 14:27:52.768  INFO 15164 --- [           main] t.c.s.AnnotationConfigContextLoaderUtils : Could not detect default configuration classes for test class [br.com.aluguel.de.carros.unidade.aluguel.TestaAluguelController]: TestaAluguelController does not declare any static, non-private, non-final, nested classes annotated with @Configuration.
2019-08-16 14:27:52.793  INFO 15164 --- [           main] .b.t.c.SpringBootTestContextBootstrapper : Found @SpringBootConfiguration br.com.aluguel.de.carros.Application for test class br.com.aluguel.de.carros.unidade.aluguel.TestaAluguelController
2019-08-16 14:27:52.798  INFO 15164 --- [           main] .b.t.c.SpringBootTestContextBootstrapper : Loaded default TestExecutionListener class names from location [META-INF/spring.factories]: [org.springframework.boot.test.mock.mockito.MockitoTestExecutionListener, org.springframework.boot.test.mock.mockito.ResetMocksTestExecutionListener, org.springframework.boot.test.autoconfigure.restdocs.RestDocsTestExecutionListener, org.springframework.boot.test.autoconfigure.web.client.MockRestServiceServerResetTestExecutionListener, org.springframework.boot.test.autoconfigure.web.servlet.MockMvcPrintOnlyOnFailureTestExecutionListener, org.springframework.boot.test.autoconfigure.web.servlet.WebDriverTestExecutionListener, org.springframework.test.context.web.ServletTestExecutionListener, org.springframework.test.context.support.DirtiesContextBeforeModesTestExecutionListener, org.springframework.test.context.support.DependencyInjectionTestExecutionListener, org.springframework.test.context.support.DirtiesContextTestExecutionListener, org.springframework.test.context.transaction.TransactionalTestExecutionListener, org.springframework.test.context.jdbc.SqlScriptsTestExecutionListener]
2019-08-16 14:27:52.798  INFO 15164 --- [           main] .b.t.c.SpringBootTestContextBootstrapper : Using TestExecutionListeners: [org.springframework.test.context.web.ServletTestExecutionListener@6fced25c, org.springframework.test.context.support.DirtiesContextBeforeModesTestExecutionListener@3cf4dec7, org.springframework.boot.test.mock.mockito.MockitoTestExecutionListener@1b94c789, org.springframework.boot.test.autoconfigure.SpringBootDependencyInjectionTestExecutionListener@299fc582, org.springframework.test.context.support.DirtiesContextTestExecutionListener@305aaedf, org.springframework.test.context.transaction.TransactionalTestExecutionListener@2a425cf5, org.springframework.test.context.jdbc.SqlScriptsTestExecutionListener@17d76ebb, org.springframework.boot.test.mock.mockito.ResetMocksTestExecutionListener@40b31a16, org.springframework.boot.test.autoconfigure.restdocs.RestDocsTestExecutionListener@25fa6889, org.springframework.boot.test.autoconfigure.web.client.MockRestServiceServerResetTestExecutionListener@1de73d37, org.springframework.boot.test.autoconfigure.web.servlet.MockMvcPrintOnlyOnFailureTestExecutionListener@31693a86, org.springframework.boot.test.autoconfigure.web.servlet.WebDriverTestExecutionListener@69d2e517]

  .   ____          _            __ _ _
 /\\ / ___'_ __ _ _(_)_ __  __ _ \ \ \ \
( ( )\___ | '_ | '_| | '_ \/ _` | \ \ \ \
 \\/  ___)| |_)| | | | | || (_| |  ) ) ) )
  '  |____| .__|_| |_|_| |_\__, | / / / /
 =========|_|==============|___/=/_/_/_/
 :: Spring Boot ::        (v2.1.6.RELEASE)

2019-08-16 14:27:52.893  INFO 15164 --- [           main] b.c.a.d.c.u.a.TestaAluguelController     : Starting TestaAluguelController on DEV-002 with PID 15164 (started by arthur.almeida in C:\Users\arthur.almeida\Downloads\aluguel de carros\aluguel-de-carros)
2019-08-16 14:27:52.893  INFO 15164 --- [           main] b.c.a.d.c.u.a.TestaAluguelController     : No active profile set, falling back to default profiles: default
2019-08-16 14:27:53.245  INFO 15164 --- [           main] .s.d.r.c.RepositoryConfigurationDelegate : Bootstrapping Spring Data repositories in DEFAULT mode.
2019-08-16 14:27:53.356  INFO 15164 --- [           main] .s.d.r.c.RepositoryConfigurationDelegate : Finished Spring Data repository scanning in 111ms. Found 6 repository interfaces.
2019-08-16 14:27:53.467  INFO 15164 --- [           main] trationDelegate$BeanPostProcessorChecker : Bean 'org.springframework.transaction.annotation.ProxyTransactionManagementConfiguration' of type [org.springframework.transaction.annotation.ProxyTransactionManagementConfiguration$$EnhancerBySpringCGLIB$$db2b2bf7] is not eligible for getting processed by all BeanPostProcessors (for example: not eligible for auto-proxying)
2019-08-16 14:27:53.579  INFO 15164 --- [           main] com.zaxxer.hikari.HikariDataSource       : HikariPool-2 - Starting...
2019-08-16 14:27:53.579  INFO 15164 --- [           main] com.zaxxer.hikari.HikariDataSource       : HikariPool-2 - Start completed.
2019-08-16 14:27:53.625  INFO 15164 --- [           main] o.hibernate.jpa.internal.util.LogHelper  : HHH000204: Processing PersistenceUnitInfo [
	name: default
	...]
2019-08-16 14:27:53.635  INFO 15164 --- [           main] org.hibernate.dialect.Dialect            : HHH000400: Using dialect: org.hibernate.dialect.H2Dialect
2019-08-16 14:27:53.745  INFO 15164 --- [           main] o.h.t.schema.internal.SchemaCreatorImpl  : HHH000476: Executing import script 'org.hibernate.tool.schema.internal.exec.ScriptSourceInputNonExistentImpl@63d677f5'
2019-08-16 14:27:53.747  INFO 15164 --- [           main] j.LocalContainerEntityManagerFactoryBean : Initialized JPA EntityManagerFactory for persistence unit 'default'
2019-08-16 14:27:54.373  INFO 15164 --- [           main] o.s.s.concurrent.ThreadPoolTaskExecutor  : Initializing ExecutorService 'applicationTaskExecutor'
2019-08-16 14:27:54.397  WARN 15164 --- [           main] aWebConfiguration$JpaWebMvcConfiguration : spring.jpa.open-in-view is enabled by default. Therefore, database queries may be performed during view rendering. Explicitly configure spring.jpa.open-in-view to disable this warning
2019-08-16 14:27:54.924  INFO 15164 --- [           main] o.s.b.t.m.w.SpringBootMockServletContext : Initializing Spring TestDispatcherServlet ''
2019-08-16 14:27:54.924  INFO 15164 --- [           main] o.s.t.web.servlet.TestDispatcherServlet  : Initializing Servlet ''
2019-08-16 14:27:54.943  INFO 15164 --- [           main] o.s.t.web.servlet.TestDispatcherServlet  : Completed initialization in 19 ms
2019-08-16 14:27:54.965  INFO 15164 --- [           main] b.c.a.d.c.u.a.TestaAluguelController     : Started TestaAluguelController in 2.164 seconds (JVM running for 14.171)
]]></system-out>
  </testcase>
</testsuite>