<?xml version="1.0" encoding="UTF-8"?>
<testsuite xmlns:xsi="http://www.w3.org/2001/XMLSchema-instance" xsi:noNamespaceSchemaLocation="https://maven.apache.org/surefire/maven-surefire-plugin/xsd/surefire-test-report.xsd" name="br.com.aluguel.de.carros.unidade.aluguel.TestaAluguelRepository" time="4.316" tests="3" errors="0" skipped="0" failures="0">
  <properties>
[...]
</properties>
  <testcase name="AoAtualizarAluguel_RetornaAluguelAtualizado" classname="br.com.aluguel.de.carros.unidade.aluguel.TestaAluguelRepository" time="1.276"/>
  <testcase name="AoDeletarAluguel_RetornaVazio" classname="br.com.aluguel.de.carros.unidade.aluguel.TestaAluguelRepository" time="1.07"/>
  <testcase name="AoBuscarAluguel_RetornarAlguelCriado" classname="br.com.aluguel.de.carros.unidade.aluguel.TestaAluguelRepository" time="1.038"/>
</testsuite>